(---------------------------------------------------------------------)
(                                                                     )
(    NC DRILL Log                                                     )
(                                                                     )
(    Drawing          : dog2.brd                                      )
(    Software Version : 17.2S012                                      )
(    Date/Time        : Tue May 25 20:37:53 2021                      )
(                                                                     )
(---------------------------------------------------------------------)



 Processing NC Parameters file 'nc_param.txt' ...

 NC PARAMETERS
 -------------

 FORMAT   		3.6
 MACHINE-OFFSET		x:0.00000	y:0.00000   (inch)
 FEEDRATE		1
 COORDINATES		ABSOLUTE
 OUTPUT-UNITS		ENGLISH
 TOOL-ORDER		INCREASING
 REPEAT-CODES		YES
 SUPPRESS-LEAD-ZEROES	NO
 SUPPRESS-TRAIL-ZEROES	YES
 SUPPRESS-EQUAL		YES
 TOOL-SELECT		YES
 HEADER			none
 LEADER			12
 CODE			ASCII
 SEPARATE		YES
 SEPARATE-ROUTING	NO
 OPTIMIZE_DRILLING	NO
 ENHANCED_EXCELLON	YES
 SCALE			1.000000

 WARNING(SPMHMF-358): Design precision is the same as that of the drill output file data.
 WARNING(SPMHMF-359): Data rounding errors may still be possible.
 WARNING(SPMHMF-368): Cannot find NC Drill tool file 'nc_tools.txt'
 WARNING(SPMHMF-369): ... will auto-generate tool file 'nc_tools_auto.txt'.


     Auto-generating tool file 'nc_tools_auto.txt' ...

           Size  Plating  Tool        + Tolerance  - Tolerance

         13.000  P        T01            0.000000     0.000000
         28.000  P        T02            0.000000     0.000000
         35.000  P        T03            0.000000     0.000000
         36.000  P        T04            0.000000     0.000000
         40.000  P        T05            3.000000     3.000000
         42.000  P        T06            0.000000     0.000000


 Drill files being output to directory 'E:/Cadence_project - 3/allegro' ...



     'dog2-1-2.drl' created for holes connecting TOP and BOTTOM ; Plating = PLATED
     -----------------------------------------------------------------------------

     Tool  Num     Size      +/- Tolerance     Plating   Quantity

     T01    1.  13.0000    0.0000/  0.0000      PLATED         61
     T02    2.  28.0000    0.0000/  0.0000      PLATED          2
     T03    3.  35.0000    0.0000/  0.0000      PLATED         16
     T04    4.  36.0000    0.0000/  0.0000      PLATED         11
     T05    5.  40.0000    3.0000/  3.0000      PLATED         14
     T06    6.  42.0000    0.0000/  0.0000      PLATED         40

     ---- Total holes:                                        144

     ---- Total head travel:              4.37 feet (1.33 meters)

