{ Using PSTWRITER 17.2.0 d001May-25-2021 at 01:36:38 }

#1 WARNING(ORCAP-36050): No pins are present in 1. Ignoring this component in netlist.
#2 WARNING(ORCAP-36006): Part Name "RASPBERRY_MY_WALCON100VHTM2OESW32540_RASPBERRY" is renamed to "RASPBERRY_MY_WALCON100VHTM2OESW".
#3 WARNING(ORCAP-36042): Pin "3.3V" is renamed to "3.3V#1" as visible power pin of same name already exists in Package raspberry , U1: SCHEMATIC1, PAGE1 (1.30, 1.00).
#4 WARNING(ORCAP-36042): Pin "GND" is renamed to "GND#9" as visible power pin of same name already exists in Package raspberry , U1: SCHEMATIC1, PAGE1 (1.30, 1.00).
#5 WARNING(ORCAP-36042): Pin "3.3V" is renamed to "3.3V#17" as visible power pin of same name already exists in Package raspberry , U1: SCHEMATIC1, PAGE1 (1.30, 1.00).
#6 WARNING(ORCAP-36042): Pin "GND" is renamed to "GND#25" as visible power pin of same name already exists in Package raspberry , U1: SCHEMATIC1, PAGE1 (1.30, 1.00).
#7 WARNING(ORCAP-36042): Pin "GND" is renamed to "GND#39" as visible power pin of same name already exists in Package raspberry , U1: SCHEMATIC1, PAGE1 (1.30, 1.00).
#8 WARNING(ORCAP-36042): Pin "5V" is renamed to "5V#2" as visible power pin of same name already exists in Package raspberry , U1: SCHEMATIC1, PAGE1 (1.30, 1.00).
#9 WARNING(ORCAP-36042): Pin "5V" is renamed to "5V#4" as visible power pin of same name already exists in Package raspberry , U1: SCHEMATIC1, PAGE1 (1.30, 1.00).
#10 WARNING(ORCAP-36042): Pin "GND" is renamed to "GND#6" as visible power pin of same name already exists in Package raspberry , U1: SCHEMATIC1, PAGE1 (1.30, 1.00).
#11 WARNING(ORCAP-36042): Pin "GND" is renamed to "GND#14" as visible power pin of same name already exists in Package raspberry , U1: SCHEMATIC1, PAGE1 (1.30, 1.00).
#12 WARNING(ORCAP-36042): Pin "GND" is renamed to "GND#20" as visible power pin of same name already exists in Package raspberry , U1: SCHEMATIC1, PAGE1 (1.30, 1.00).
#13 WARNING(ORCAP-36042): Pin "GND" is renamed to "GND#30" as visible power pin of same name already exists in Package raspberry , U1: SCHEMATIC1, PAGE1 (1.30, 1.00).
#14 WARNING(ORCAP-36042): Pin "GND" is renamed to "GND#34" as visible power pin of same name already exists in Package raspberry , U1: SCHEMATIC1, PAGE1 (1.30, 1.00).
INFO(ORCAP-36080): Scanning netlist files ...

Loading... E:\CADENCE_PROJECT - 3\allegro/pstchip.dat

Loading... E:\CADENCE_PROJECT - 3\allegro/pstchip.dat

Loading... E:\CADENCE_PROJECT - 3\allegro/pstxprt.dat

Loading... E:\CADENCE_PROJECT - 3\allegro/pstxnet.dat
packaging the design view...